=== Web Smoke Test Start - Sun Aug  3 00:14:37 JST 2025 ===
=== TypeScript check ===
__tests__/accessibility/accessibility.test.ts(29,6): error TS1161: Unterminated regular expression literal.
__tests__/accessibility/accessibility.test.ts(40,62): error TS1005: '>' expected.
__tests__/accessibility/accessibility.test.ts(55,66): error TS1005: '>' expected.
__tests__/accessibility/accessibility.test.ts(75,64): error TS1005: '>' expected.
__tests__/accessibility/accessibility.test.ts(91,63): error TS1005: '>' expected.
__tests__/accessibility/accessibility.test.ts(110,40): error TS1005: '>' expected.
__tests__/accessibility/accessibility.test.ts(132,44): error TS1005: '>' expected.
__tests__/accessibility/accessibility.test.ts(155,40): error TS1005: '>' expected.
__tests__/accessibility/accessibility.test.ts(176,44): error TS1005: '>' expected.
__tests__/accessibility/accessibility.test.ts(209,40): error TS1005: '>' expected.
__tests__/accessibility/accessibility.test.ts(235,40): error TS1005: '>' expected.
__tests__/accessibility/accessibility.test.ts(258,44): error TS1005: '>' expected.
__tests__/accessibility/accessibility.test.ts(280,44): error TS1005: '>' expected.
__tests__/integration/learning-integration.test.ts(32,6): error TS1161: Unterminated regular expression literal.
__tests__/integration/learning-integration.test.ts(58,79): error TS1005: '>' expected.
__tests__/integration/learning-integration.test.ts(119,79): error TS1005: '>' expected.
__tests__/integration/learning-integration.test.ts(158,79): error TS1005: '>' expected.
__tests__/integration/learning-integration.test.ts(204,68): error TS1005: '>' expected.
__tests__/integration/learning-integration.test.ts(224,79): error TS1005: '>' expected.
__tests__/integration/learning-integration.test.ts(270,79): error TS1005: '>' expected.
__tests__/integration/learning-integration.test.ts(306,61): error TS1005: '>' expected.
__tests__/integration/learning-integration.test.ts(328,79): error TS1005: '>' expected.
__tests__/integration/learning-integration.test.ts(355,68): error TS1005: '>' expected.
__tests__/integration/learning-integration.test.ts(390,65): error TS1005: '>' expected.
TypeScript exit code: 2
=== TypeScript recheck after fixes ===
__tests__/accessibility/accessibility.test.ts(29,6): error TS1161: Unterminated regular expression literal.
__tests__/accessibility/accessibility.test.ts(40,62): error TS1005: '>' expected.
__tests__/accessibility/accessibility.test.ts(55,66): error TS1005: '>' expected.
__tests__/accessibility/accessibility.test.ts(75,64): error TS1005: '>' expected.
__tests__/accessibility/accessibility.test.ts(91,63): error TS1005: '>' expected.
__tests__/accessibility/accessibility.test.ts(110,40): error TS1005: '>' expected.
__tests__/accessibility/accessibility.test.ts(132,44): error TS1005: '>' expected.
__tests__/accessibility/accessibility.test.ts(159,40): error TS1005: '>' expected.
__tests__/accessibility/accessibility.test.ts(180,44): error TS1005: '>' expected.
__tests__/accessibility/accessibility.test.ts(213,40): error TS1005: '>' expected.
__tests__/accessibility/accessibility.test.ts(239,40): error TS1005: '>' expected.
__tests__/accessibility/accessibility.test.ts(262,44): error TS1005: '>' expected.
__tests__/accessibility/accessibility.test.ts(288,44): error TS1005: '>' expected.
__tests__/integration/learning-integration.test.ts(32,6): error TS1161: Unterminated regular expression literal.
__tests__/integration/learning-integration.test.ts(58,79): error TS1005: '>' expected.
__tests__/integration/learning-integration.test.ts(119,79): error TS1005: '>' expected.
__tests__/integration/learning-integration.test.ts(158,79): error TS1005: '>' expected.
__tests__/integration/learning-integration.test.ts(204,68): error TS1005: '>' expected.
__tests__/integration/learning-integration.test.ts(224,79): error TS1005: '>' expected.
__tests__/integration/learning-integration.test.ts(270,79): error TS1005: '>' expected.
__tests__/integration/learning-integration.test.ts(306,61): error TS1005: '>' expected.
__tests__/integration/learning-integration.test.ts(328,79): error TS1005: '>' expected.
__tests__/integration/learning-integration.test.ts(355,68): error TS1005: '>' expected.
__tests__/integration/learning-integration.test.ts(390,65): error TS1005: '>' expected.
TypeScript exit code: 2
=== TypeScript check excluding tests ===
error TS5023: Unknown compiler option '--exclude'.
error TS5023: Unknown compiler option '--exclude'.
TypeScript exit code: 1
=== TypeScript check for main app code ===
TypeScript exit code: 1
=== Main app files TypeScript check ===
app/(tabs)/index.tsx(1,8): error TS1259: Module '"/Users/muroiyousuke/Projects/BookKeeping3rd/node_modules/@types/react/index"' can only be default-imported using the 'esModuleInterop' flag
app/(tabs)/index.tsx(9,5): error TS17004: Cannot use JSX unless the '--jsx' flag is provided.
app/(tabs)/index.tsx(10,7): error TS17004: Cannot use JSX unless the '--jsx' flag is provided.
app/(tabs)/index.tsx(11,7): error TS17004: Cannot use JSX unless the '--jsx' flag is provided.
app/(tabs)/index.tsx(13,7): error TS17004: Cannot use JSX unless the '--jsx' flag is provided.
app/(tabs)/index.tsx(14,9): error TS17004: Cannot use JSX unless the '--jsx' flag is provided.
app/(tabs)/index.tsx(18,11): error TS17004: Cannot use JSX unless the '--jsx' flag is provided.
app/(tabs)/index.tsx(19,11): error TS17004: Cannot use JSX unless the '--jsx' flag is provided.
app/(tabs)/index.tsx(20,11): error TS17004: Cannot use JSX unless the '--jsx' flag is provided.
app/(tabs)/index.tsx(23,9): error TS17004: Cannot use JSX unless the '--jsx' flag is provided.
app/(tabs)/index.tsx(27,11): error TS17004: Cannot use JSX unless the '--jsx' flag is provided.
app/(tabs)/index.tsx(28,11): error TS17004: Cannot use JSX unless the '--jsx' flag is provided.
app/(tabs)/index.tsx(29,11): error TS17004: Cannot use JSX unless the '--jsx' flag is provided.
app/(tabs)/index.tsx(32,9): error TS17004: Cannot use JSX unless the '--jsx' flag is provided.
app/(tabs)/index.tsx(36,11): error TS17004: Cannot use JSX unless the '--jsx' flag is provided.
app/(tabs)/index.tsx(37,11): error TS17004: Cannot use JSX unless the '--jsx' flag is provided.
app/(tabs)/index.tsx(38,11): error TS17004: Cannot use JSX unless the '--jsx' flag is provided.
app/(tabs)/learning.tsx(1,8): error TS1259: Module '"/Users/muroiyousuke/Projects/BookKeeping3rd/node_modules/@types/react/index"' can only be default-imported using the 'esModuleInterop' flag
app/(tabs)/learning.tsx(35,5): error TS17004: Cannot use JSX unless the '--jsx' flag is provided.
app/(tabs)/learning.tsx(36,7): error TS17004: Cannot use JSX unless the '--jsx' flag is provided.
app/(tabs)/learning.tsx(37,9): error TS17004: Cannot use JSX unless the '--jsx' flag is provided.
app/(tabs)/learning.tsx(38,9): error TS17004: Cannot use JSX unless the '--jsx' flag is provided.
app/(tabs)/learning.tsx(41,7): error TS17004: Cannot use JSX unless the '--jsx' flag is provided.
app/(tabs)/learning.tsx(43,11): error TS17004: Cannot use JSX unless the '--jsx' flag is provided.
app/(tabs)/learning.tsx(66,13): error TS17004: Cannot use JSX unless the '--jsx' flag is provided.
app/(tabs)/learning.tsx(67,13): error TS17004: Cannot use JSX unless the '--jsx' flag is provided.
app/(tabs)/learning.tsx(68,15): error TS17004: Cannot use JSX unless the '--jsx' flag is provided.
app/(tabs)/learning.tsx(69,15): error TS17004: Cannot use JSX unless the '--jsx' flag is provided.
app/(tabs)/learning.tsx(70,15): error TS17004: Cannot use JSX unless the '--jsx' flag is provided.
app/(tabs)/learning.tsx(74,13): error TS17004: Cannot use JSX unless the '--jsx' flag is provided.
app/(tabs)/learning.tsx(75,15): error TS17004: Cannot use JSX unless the '--jsx' flag is provided.
app/(tabs)/learning.tsx(81,7): error TS17004: Cannot use JSX unless the '--jsx' flag is provided.
app/(tabs)/learning.tsx(82,9): error TS17004: Cannot use JSX unless the '--jsx' flag is provided.
app/(tabs)/learning.tsx(89,11): error TS17004: Cannot use JSX unless the '--jsx' flag is provided.
app/(tabs)/learning.tsx(90,11): error TS17004: Cannot use JSX unless the '--jsx' flag is provided.
app/(tabs)/learning.tsx(91,11): error TS17004: Cannot use JSX unless the '--jsx' flag is provided.
app/(tabs)/review.tsx(1,8): error TS1259: Module '"/Users/muroiyousuke/Projects/BookKeeping3rd/node_modules/@types/react/index"' can only be default-imported using the 'esModuleInterop' flag
app/(tabs)/review.tsx(61,62): error TS2345: Argument of type '{ priorityLevels: readonly ["critical", "high"]; maxCount: number; } | { maxCount: number; priorityLevels?: undefined; }' is not assignable to parameter of type 'GenerateReviewListOptions'.
  Type '{ priorityLevels: readonly ["critical", "high"]; maxCount: number; }' is not assignable to type 'GenerateReviewListOptions'.
    Types of property 'priorityLevels' are incompatible.
      The type 'readonly ["critical", "high"]' is 'readonly' and cannot be assigned to the mutable type '("high" | "low" | "medium" | "critical")[]'.
app/(tabs)/review.tsx(112,7): error TS17004: Cannot use JSX unless the '--jsx' flag is provided.
app/(tabs)/review.tsx(113,9): error TS17004: Cannot use JSX unless the '--jsx' flag is provided.
app/(tabs)/review.tsx(114,11): error TS17004: Cannot use JSX unless the '--jsx' flag is provided.
app/(tabs)/review.tsx(121,5): error TS17004: Cannot use JSX unless the '--jsx' flag is provided.
app/(tabs)/review.tsx(122,7): error TS17004: Cannot use JSX unless the '--jsx' flag is provided.
app/(tabs)/review.tsx(123,9): error TS17004: Cannot use JSX unless the '--jsx' flag is provided.
app/(tabs)/review.tsx(124,9): error TS17004: Cannot use JSX unless the '--jsx' flag is provided.
app/(tabs)/review.tsx(127,7): error TS17004: Cannot use JSX unless the '--jsx' flag is provided.
app/(tabs)/review.tsx(128,9): error TS17004: Cannot use JSX unless the '--jsx' flag is provided.
app/(tabs)/review.tsx(129,11): error TS17004: Cannot use JSX unless the '--jsx' flag is provided.
app/(tabs)/review.tsx(130,11): error TS17004: Cannot use JSX unless the '--jsx' flag is provided.
app/(tabs)/review.tsx(132,9): error TS17004: Cannot use JSX unless the '--jsx' flag is provided.
app/(tabs)/review.tsx(133,11): error TS17004: Cannot use JSX unless the '--jsx' flag is provided.
app/(tabs)/review.tsx(134,11): error TS17004: Cannot use JSX unless the '--jsx' flag is provided.
app/(tabs)/review.tsx(136,9): error TS17004: Cannot use JSX unless the '--jsx' flag is provided.
app/(tabs)/review.tsx(137,11): error TS17004: Cannot use JSX unless the '--jsx' flag is provided.
app/(tabs)/review.tsx(138,11): error TS17004: Cannot use JSX unless the '--jsx' flag is provided.
app/(tabs)/review.tsx(143,9): error TS17004: Cannot use JSX unless the '--jsx' flag is provided.
app/(tabs)/review.tsx(144,11): error TS17004: Cannot use JSX unless the '--jsx' flag is provided.
app/(tabs)/review.tsx(145,13): error TS17004: Cannot use JSX unless the '--jsx' flag is provided.
app/(tabs)/review.tsx(149,15): error TS17004: Cannot use JSX unless the '--jsx' flag is provided.
app/(tabs)/review.tsx(150,15): error TS17004: Cannot use JSX unless the '--jsx' flag is provided.
app/(tabs)/review.tsx(151,15): error TS17004: Cannot use JSX unless the '--jsx' flag is provided.
app/(tabs)/review.tsx(156,13): error TS17004: Cannot use JSX unless the '--jsx' flag is provided.
app/(tabs)/review.tsx(160,15): error TS17004: Cannot use JSX unless the '--jsx' flag is provided.
app/(tabs)/review.tsx(161,15): error TS17004: Cannot use JSX unless the '--jsx' flag is provided.
app/(tabs)/review.tsx(162,15): error TS17004: Cannot use JSX unless the '--jsx' flag is provided.
app/(tabs)/review.tsx(168,11): error TS17004: Cannot use JSX unless the '--jsx' flag is provided.
app/(tabs)/review.tsx(169,13): error TS17004: Cannot use JSX unless the '--jsx' flag is provided.
app/(tabs)/review.tsx(171,15): error TS17004: Cannot use JSX unless the '--jsx' flag is provided.
app/(tabs)/review.tsx(176,17): error TS17004: Cannot use JSX unless the '--jsx' flag is provided.
app/(tabs)/review.tsx(177,17): error TS17004: Cannot use JSX unless the '--jsx' flag is provided.
app/(tabs)/review.tsx(178,19): error TS17004: Cannot use JSX unless the '--jsx' flag is provided.
app/(tabs)/review.tsx(179,19): error TS17004: Cannot use JSX unless the '--jsx' flag is provided.
app/(tabs)/review.tsx(182,19): error TS17004: Cannot use JSX unless the '--jsx' flag is provided.
app/(tabs)/review.tsx(186,17): error TS17004: Cannot use JSX unless the '--jsx' flag is provided.
app/(tabs)/review.tsx(192,19): error TS17004: Cannot use JSX unless the '--jsx' flag is provided.
app/(tabs)/review.tsx(202,9): error TS17004: Cannot use JSX unless the '--jsx' flag is provided.
app/(tabs)/review.tsx(203,11): error TS17004: Cannot use JSX unless the '--jsx' flag is provided.
app/(tabs)/review.tsx(204,11): error TS17004: Cannot use JSX unless the '--jsx' flag is provided.
app/(tabs)/review.tsx(205,11): error TS17004: Cannot use JSX unless the '--jsx' flag is provided.
app/(tabs)/review.tsx(208,11): error TS17004: Cannot use JSX unless the '--jsx' flag is provided.
app/(tabs)/review.tsx(212,13): error TS17004: Cannot use JSX unless the '--jsx' flag is provided.
app/(tabs)/stats.tsx(1,8): error TS1259: Module '"/Users/muroiyousuke/Projects/BookKeeping3rd/node_modules/@types/react/index"' can only be default-imported using the 'esModuleInterop' flag
app/(tabs)/stats.tsx(73,7): error TS17004: Cannot use JSX unless the '--jsx' flag is provided.
app/(tabs)/stats.tsx(74,9): error TS17004: Cannot use JSX unless the '--jsx' flag is provided.
app/(tabs)/stats.tsx(75,11): error TS17004: Cannot use JSX unless the '--jsx' flag is provided.
app/(tabs)/stats.tsx(82,5): error TS17004: Cannot use JSX unless the '--jsx' flag is provided.
app/(tabs)/stats.tsx(85,9): error TS17004: Cannot use JSX unless the '--jsx' flag is provided.
app/(tabs)/stats.tsx(88,7): error TS17004: Cannot use JSX unless the '--jsx' flag is provided.
app/(tabs)/stats.tsx(89,9): error TS17004: Cannot use JSX unless the '--jsx' flag is provided.
app/(tabs)/stats.tsx(90,9): error TS17004: Cannot use JSX unless the '--jsx' flag is provided.
app/(tabs)/stats.tsx(95,9): error TS17004: Cannot use JSX unless the '--jsx' flag is provided.
app/(tabs)/stats.tsx(96,11): error TS17004: Cannot use JSX unless the '--jsx' flag is provided.
app/(tabs)/stats.tsx(97,11): error TS17004: Cannot use JSX unless the '--jsx' flag is provided.
app/(tabs)/stats.tsx(98,13): error TS17004: Cannot use JSX unless the '--jsx' flag is provided.
app/(tabs)/stats.tsx(99,15): error TS17004: Cannot use JSX unless the '--jsx' flag is provided.
app/(tabs)/stats.tsx(100,15): error TS17004: Cannot use JSX unless the '--jsx' flag is provided.
app/(tabs)/stats.tsx(104,13): error TS17004: Cannot use JSX unless the '--jsx' flag is provided.
app/(tabs)/stats.tsx(105,15): error TS17004: Cannot use JSX unless the '--jsx' flag is provided.
app/(tabs)/stats.tsx(112,13): error TS17004: Cannot use JSX unless the '--jsx' flag is provided.
app/(tabs)/stats.tsx(122,7): error TS17004: Cannot use JSX unless the '--jsx' flag is provided.
app/(tabs)/stats.tsx(123,9): error TS17004: Cannot use JSX unless the '--jsx' flag is provided.
app/(tabs)/stats.tsx(124,11): error TS17004: Cannot use JSX unless the '--jsx' flag is provided.
app/(tabs)/stats.tsx(125,13): error TS17004: Cannot use JSX unless the '--jsx' flag is provided.
app/(tabs)/stats.tsx(126,13): error TS17004: Cannot use JSX unless the '--jsx' flag is provided.
app/(tabs)/stats.tsx(128,11): error TS17004: Cannot use JSX unless the '--jsx' flag is provided.
app/(tabs)/stats.tsx(129,13): error TS17004: Cannot use JSX unless the '--jsx' flag is provided.
app/(tabs)/stats.tsx(130,13): error TS17004: Cannot use JSX unless the '--jsx' flag is provided.
app/(tabs)/stats.tsx(134,9): error TS17004: Cannot use JSX unless the '--jsx' flag is provided.
app/(tabs)/stats.tsx(135,11): error TS17004: Cannot use JSX unless the '--jsx' flag is provided.
app/(tabs)/stats.tsx(136,13): error TS17004: Cannot use JSX unless the '--jsx' flag is provided.
app/(tabs)/stats.tsx(137,13): error TS17004: Cannot use JSX unless the '--jsx' flag is provided.
app/(tabs)/stats.tsx(139,11): error TS17004: Cannot use JSX unless the '--jsx' flag is provided.
app/(tabs)/stats.tsx(140,13): error TS17004: Cannot use JSX unless the '--jsx' flag is provided.
app/(tabs)/stats.tsx(141,13): error TS17004: Cannot use JSX unless the '--jsx' flag is provided.
app/(tabs)/stats.tsx(143,11): error TS17004: Cannot use JSX unless the '--jsx' flag is provided.
app/(tabs)/stats.tsx(144,13): error TS17004: Cannot use JSX unless the '--jsx' flag is provided.
app/(tabs)/stats.tsx(145,13): error TS17004: Cannot use JSX unless the '--jsx' flag is provided.
app/(tabs)/stats.tsx(147,11): error TS17004: Cannot use JSX unless the '--jsx' flag is provided.
app/(tabs)/stats.tsx(148,13): error TS17004: Cannot use JSX unless the '--jsx' flag is provided.
app/(tabs)/stats.tsx(149,13): error TS17004: Cannot use JSX unless the '--jsx' flag is provided.
app/(tabs)/stats.tsx(154,7): error TS17004: Cannot use JSX unless the '--jsx' flag is provided.
app/(tabs)/stats.tsx(155,9): error TS17004: Cannot use JSX unless the '--jsx' flag is provided.
app/(tabs)/stats.tsx(159,13): error TS17004: Cannot use JSX unless the '--jsx' flag is provided.
app/(tabs)/stats.tsx(160,15): error TS17004: Cannot use JSX unless the '--jsx' flag is provided.
app/(tabs)/stats.tsx(161,17): error TS17004: Cannot use JSX unless the '--jsx' flag is provided.
app/(tabs)/stats.tsx(162,17): error TS17004: Cannot use JSX unless the '--jsx' flag is provided.
app/(tabs)/stats.tsx(163,17): error TS17004: Cannot use JSX unless the '--jsx' flag is provided.
app/(tabs)/stats.tsx(168,15): error TS17004: Cannot use JSX unless the '--jsx' flag is provided.
app/(tabs)/stats.tsx(169,17): error TS17004: Cannot use JSX unless the '--jsx' flag is provided.
app/(tabs)/stats.tsx(170,19): error TS17004: Cannot use JSX unless the '--jsx' flag is provided.
app/(tabs)/stats.tsx(180,17): error TS17004: Cannot use JSX unless the '--jsx' flag is provided.
app/(tabs)/stats.tsx(185,15): error TS17004: Cannot use JSX unless the '--jsx' flag is provided.
app/(tabs)/stats.tsx(186,17): error TS17004: Cannot use JSX unless the '--jsx' flag is provided.
app/(tabs)/stats.tsx(187,17): error TS17004: Cannot use JSX unless the '--jsx' flag is provided.
app/(tabs)/stats.tsx(193,15): error TS17004: Cannot use JSX unless the '--jsx' flag is provided.
app/(tabs)/stats.tsx(194,17): error TS17004: Cannot use JSX unless the '--jsx' flag is provided.
app/(tabs)/stats.tsx(195,19): error TS17004: Cannot use JSX unless the '--jsx' flag is provided.
app/(tabs)/stats.tsx(196,19): error TS17004: Cannot use JSX unless the '--jsx' flag is provided.
app/(tabs)/stats.tsx(198,17): error TS17004: Cannot use JSX unless the '--jsx' flag is provided.
app/(tabs)/stats.tsx(199,19): error TS17004: Cannot use JSX unless the '--jsx' flag is provided.
app/(tabs)/stats.tsx(200,19): error TS17004: Cannot use JSX unless the '--jsx' flag is provided.
app/(tabs)/stats.tsx(202,17): error TS17004: Cannot use JSX unless the '--jsx' flag is provided.
app/(tabs)/stats.tsx(203,19): error TS17004: Cannot use JSX unless the '--jsx' flag is provided.
app/(tabs)/stats.tsx(204,19): error TS17004: Cannot use JSX unless the '--jsx' flag is provided.
app/(tabs)/stats.tsx(215,9): error TS17004: Cannot use JSX unless the '--jsx' flag is provided.
app/(tabs)/stats.tsx(216,11): error TS17004: Cannot use JSX unless the '--jsx' flag is provided.
app/(tabs)/stats.tsx(217,11): error TS17004: Cannot use JSX unless the '--jsx' flag is provided.
app/(tabs)/stats.tsx(218,11): error TS17004: Cannot use JSX unless the '--jsx' flag is provided.
app/(tabs)/stats.tsx(221,11): error TS17004: Cannot use JSX unless the '--jsx' flag is provided.
app/(tabs)/stats.tsx(225,13): error TS17004: Cannot use JSX unless the '--jsx' flag is provided.
app/_layout.optimized.tsx(13,8): error TS1259: Module '"/Users/muroiyousuke/Projects/BookKeeping3rd/node_modules/@types/react/index"' can only be default-imported using the 'esModuleInterop' flag
app/_layout.optimized.tsx(55,7): error TS17004: Cannot use JSX unless the '--jsx' flag is provided.
app/_layout.optimized.tsx(56,9): error TS17004: Cannot use JSX unless the '--jsx' flag is provided.
app/_layout.optimized.tsx(60,11): error TS17004: Cannot use JSX unless the '--jsx' flag is provided.
app/_layout.optimized.tsx(65,11): error TS17004: Cannot use JSX unless the '--jsx' flag is provided.
app/_layout.optimized.tsx(75,7): error TS17004: Cannot use JSX unless the '--jsx' flag is provided.
app/_layout.optimized.tsx(76,9): error TS17004: Cannot use JSX unless the '--jsx' flag is provided.
app/_layout.optimized.tsx(77,11): error TS17004: Cannot use JSX unless the '--jsx' flag is provided.
app/_layout.optimized.tsx(78,11): error TS17004: Cannot use JSX unless the '--jsx' flag is provided.
app/_layout.optimized.tsx(81,11): error TS17004: Cannot use JSX unless the '--jsx' flag is provided.
app/_layout.optimized.tsx(90,5): error TS17004: Cannot use JSX unless the '--jsx' flag is provided.
app/_layout.optimized.tsx(91,7): error TS17004: Cannot use JSX unless the '--jsx' flag is provided.
app/_layout.optimized.tsx(93,9): error TS17004: Cannot use JSX unless the '--jsx' flag is provided.
app/_layout.optimized.tsx(94,11): error TS17004: Cannot use JSX unless the '--jsx' flag is provided.
app/_layout.optimized.tsx(95,11): error TS17004: Cannot use JSX unless the '--jsx' flag is provided.
app/_layout.optimized.tsx(99,9): error TS17004: Cannot use JSX unless the '--jsx' flag is provided.
app/_layout.optimized.tsx(100,11): error TS17004: Cannot use JSX unless the '--jsx' flag is provided.
app/_layout.optimized.tsx(101,11): error TS17004: Cannot use JSX unless the '--jsx' flag is provided.
app/_layout.optimized.tsx(104,11): error TS17004: Cannot use JSX unless the '--jsx' flag is provided.
app/_layout.optimized.tsx(105,13): error TS17004: Cannot use JSX unless the '--jsx' flag is provided.
app/_layout.optimized.tsx(106,15): error TS17004: Cannot use JSX unless the '--jsx' flag is provided.
app/_layout.optimized.tsx(106,21): error TS2769: No overload matches this call.
  Overload 1 of 2, '(props: ViewProps): View', gave the following error.
    Type '{ width: string; height: "100%"; backgroundColor: string; borderRadius: number; minWidth: "5%"; }' is not assignable to type 'StyleProp<ViewStyle>'.
      Type '{ width: string; height: "100%"; backgroundColor: string; borderRadius: number; minWidth: "5%"; }' is not assignable to type 'ViewStyle'.
        Types of property 'width' are incompatible.
          Type 'string' is not assignable to type 'DimensionValue'.
  Overload 2 of 2, '(props: ViewProps, context: any): View', gave the following error.
    Type '{ width: string; height: "100%"; backgroundColor: string; borderRadius: number; minWidth: "5%"; }' is not assignable to type 'StyleProp<ViewStyle>'.
      Type '{ width: string; height: "100%"; backgroundColor: string; borderRadius: number; minWidth: "5%"; }' is not assignable to type 'ViewStyle'.
        Types of property 'width' are incompatible.
          Type 'string' is not assignable to type 'DimensionValue'.
app/_layout.optimized.tsx(108,13): error TS17004: Cannot use JSX unless the '--jsx' flag is provided.
app/_layout.optimized.tsx(130,10): error TS2339: Property 'state' does not exist on type 'AppErrorBoundary'.
app/_layout.optimized.tsx(162,14): error TS2339: Property 'state' does not exist on type 'AppErrorBoundary'.
app/_layout.optimized.tsx(164,9): error TS17004: Cannot use JSX unless the '--jsx' flag is provided.
app/_layout.optimized.tsx(165,11): error TS17004: Cannot use JSX unless the '--jsx' flag is provided.
app/_layout.optimized.tsx(166,13): error TS17004: Cannot use JSX unless the '--jsx' flag is provided.
app/_layout.optimized.tsx(167,13): error TS17004: Cannot use JSX unless the '--jsx' flag is provided.
app/_layout.optimized.tsx(168,21): error TS2339: Property 'state' does not exist on type 'AppErrorBoundary'.
app/_layout.optimized.tsx(170,13): error TS17004: Cannot use JSX unless the '--jsx' flag is provided.
app/_layout.optimized.tsx(173,22): error TS2339: Property 'setState' does not exist on type 'AppErrorBoundary'.
app/_layout.optimized.tsx(183,17): error TS2339: Property 'props' does not exist on type 'AppErrorBoundary'.
app/_layout.optimized.tsx(217,7): error TS17004: Cannot use JSX unless the '--jsx' flag is provided.
app/_layout.optimized.tsx(217,8): error TS2786: 'AppErrorBoundary' cannot be used as a JSX component.
  Its type 'typeof AppErrorBoundary' is not a valid JSX element type.
    Types of construct signatures are incompatible.
      Type 'new (props: { children: React.ReactNode; }) => AppErrorBoundary' is not assignable to type 'new (props: any, deprecatedLegacyContext?: any) => Component<any, any, any>'.
        Type 'AppErrorBoundary' is missing the following properties from type 'Component<any, any, any>': context, setState, forceUpdate, props, and 2 more.
app/_layout.optimized.tsx(218,9): error TS17004: Cannot use JSX unless the '--jsx' flag is provided.
app/_layout.optimized.tsx(232,5): error TS17004: Cannot use JSX unless the '--jsx' flag is provided.
app/_layout.optimized.tsx(232,6): error TS2786: 'AppErrorBoundary' cannot be used as a JSX component.
  Its type 'typeof AppErrorBoundary' is not a valid JSX element type.
    Types of construct signatures are incompatible.
      Type 'new (props: { children: React.ReactNode; }) => AppErrorBoundary' is not assignable to type 'new (props: any, deprecatedLegacyContext?: any) => Component<any, any, any>'.
        Type 'AppErrorBoundary' is missing the following properties from type 'Component<any, any, any>': context, setState, forceUpdate, props, and 2 more.
app/_layout.optimized.tsx(233,7): error TS17004: Cannot use JSX unless the '--jsx' flag is provided.
app/_layout.optimized.tsx(241,9): error TS17004: Cannot use JSX unless the '--jsx' flag is provided.
app/_layout.optimized.tsx(246,13): error TS2353: Object literal may only specify known properties, and 'lazy' does not exist in type 'NativeStackNavigationOptions | ((prop: { route: RouteProp<ParamListBase, string>; navigation: any; }) => NativeStackNavigationOptions)'.
app/_layout.optimized.tsx(249,9): error TS17004: Cannot use JSX unless the '--jsx' flag is provided.
app/_layout.optimized.tsx(254,13): error TS2353: Object literal may only specify known properties, and 'lazy' does not exist in type 'NativeStackNavigationOptions | ((prop: { route: RouteProp<ParamListBase, string>; navigation: any; }) => NativeStackNavigationOptions)'.
node_modules/@expo/config-plugins/build/ios/Swift.d.ts(1,23): error TS2688: Cannot find type definition file for 'xcode'.
node_modules/@expo/config-plugins/build/ios/XcodeProjectFile.d.ts(1,23): error TS2688: Cannot find type definition file for 'xcode'.
node_modules/@react-navigation/core/lib/typescript/src/StaticNavigation.d.ts(35,27): error TS2315: Type 'StaticParamList' is not generic.
node_modules/@react-navigation/core/lib/typescript/src/StaticNavigation.d.ts(35,137): error TS2315: Type 'StaticParamList' is not generic.
node_modules/@react-navigation/core/lib/typescript/src/StaticNavigation.d.ts(130,13): error TS2456: Type alias 'StaticParamList' circularly references itself.
node_modules/@react-navigation/core/lib/typescript/src/useNavigationBuilder.d.ts(86,136): error TS2344: Type 'Omit<{ dispatch(action: Readonly<{ type: string; payload?: object; source?: string; target?: string; }> | ((state: Readonly<State>) => Readonly<{ type: string; payload?: object; source?: string; target?: string; }>)): void; ... 9 more ...; getState(): State; } & PrivateValueStore<...>, "getParent"> & ... 4 more ... ...' does not satisfy the constraint 'NavigationProp<any, any, any, any, any, any>'.
  Type 'Omit<{ dispatch(action: Readonly<{ type: string; payload?: object; source?: string; target?: string; }> | ((state: Readonly<State>) => Readonly<{ type: string; payload?: object; source?: string; target?: string; }>)): void; ... 9 more ...; getState(): State; } & PrivateValueStore<...>, "getParent"> & ... 4 more ... ...' is not assignable to type 'Omit<NavigationHelpersCommon<any, any>, "getParent">'.
    Types of property 'preload' are incompatible.
      Type '<RouteName extends string>(...args: RouteName extends unknown ? [screen: RouteName, params?: object] : never) => void' is not assignable to type '<RouteName extends string | number | symbol>(...args: RouteName extends unknown ? [screen: RouteName, params?: any] : never) => void'.
        Types of parameters 'screen' and 'args' are incompatible.
          Type 'RouteName extends unknown ? [screen: RouteName, params?: any] : never' is not assignable to type '[screen: string, params?: object]'.
            Type '[screen: string, params?: any] | [screen: number, params?: any] | [screen: symbol, params?: any]' is not assignable to type '[screen: string, params?: object]'.
              Type '[screen: number, params?: any]' is not assignable to type '[screen: string, params?: object]'.
                Type at position 0 in source is not compatible with type at position 0 in target.
                  Type 'number' is not assignable to type 'string'.
node_modules/@react-navigation/core/lib/typescript/src/useNavigationBuilder.d.ts(138,77): error TS2344: Type 'Omit<{ dispatch(action: Readonly<{ type: string; payload?: object; source?: string; target?: string; }> | ((state: Readonly<State>) => Readonly<{ type: string; payload?: object; source?: string; target?: string; }>)): void; ... 9 more ...; getState(): State; } & PrivateValueStore<...>, "getParent"> & ... 4 more ... ...' does not satisfy the constraint 'NavigationProp<any, any, any, any, any, any>'.
  Type 'Omit<{ dispatch(action: Readonly<{ type: string; payload?: object; source?: string; target?: string; }> | ((state: Readonly<State>) => Readonly<{ type: string; payload?: object; source?: string; target?: string; }>)): void; ... 9 more ...; getState(): State; } & PrivateValueStore<...>, "getParent"> & ... 4 more ... ...' is not assignable to type 'Omit<NavigationHelpersCommon<any, any>, "getParent">'.
    Types of property 'preload' are incompatible.
      Type '<RouteName extends string>(...args: RouteName extends unknown ? [screen: RouteName, params?: object] : never) => void' is not assignable to type '<RouteName extends string | number | symbol>(...args: RouteName extends unknown ? [screen: RouteName, params?: any] : never) => void'.
        Types of parameters 'screen' and 'args' are incompatible.
          Type 'RouteName extends unknown ? [screen: RouteName, params?: any] : never' is not assignable to type '[screen: string, params?: object]'.
            Type '[screen: string, params?: any] | [screen: number, params?: any] | [screen: symbol, params?: any]' is not assignable to type '[screen: string, params?: object]'.
              Type '[screen: number, params?: any]' is not assignable to type '[screen: string, params?: object]'.
                Type at position 0 in source is not compatible with type at position 0 in target.
                  Type 'number' is not assignable to type 'string'.
node_modules/@types/node/module.d.ts(854,13): error TS2403: Subsequent variable declarations must have the same type.  Variable 'require' must be of type 'NodeRequire', but here has type 'Require'.
node_modules/@types/react-native/index.d.ts(143,11): error TS2451: Cannot redeclare block-scoped variable 'originalXMLHttpRequest'.
node_modules/@types/react-native/index.d.ts(145,11): error TS2451: Cannot redeclare block-scoped variable '__BUNDLE_START_TIME__'.
node_modules/@types/react-native/index.d.ts(146,11): error TS2451: Cannot redeclare block-scoped variable 'ErrorUtils'.
node_modules/@types/react-native/index.d.ts(153,11): error TS2451: Cannot redeclare block-scoped variable '__DEV__'.
node_modules/@types/react-native/index.d.ts(155,11): error TS2451: Cannot redeclare block-scoped variable 'HermesInternal'.
node_modules/@types/react-native/Libraries/Lists/SectionList.d.ts(47,18): error TS2430: Interface 'SectionListProps<ItemT, SectionT>' incorrectly extends interface 'VirtualizedListWithoutRenderItemProps<ItemT>'.
  Types of property 'renderScrollComponent' are incompatible.
    Type '(props: import("/Users/muroiyousuke/Projects/BookKeeping3rd/node_modules/@types/react-native/Libraries/Components/ScrollView/ScrollView").ScrollViewProps) => React.ReactElement<import("/Users/muroiyousuke/Projects/BookKeeping3rd/node_modules/@types/react-native/Libraries/Components/ScrollView/ScrollView").ScrollView...' is not assignable to type '(props: import("/Users/muroiyousuke/Projects/BookKeeping3rd/node_modules/react-native/Libraries/Components/ScrollView/ScrollView").ScrollViewProps) => React.ReactElement<import("/Users/muroiyousuke/Projects/BookKeeping3rd/node_modules/react-native/Libraries/Components/ScrollView/ScrollView").ScrollViewProps, string ...'.
      Types of parameters 'props' and 'props' are incompatible.
        Type 'import("/Users/muroiyousuke/Projects/BookKeeping3rd/node_modules/react-native/Libraries/Components/ScrollView/ScrollView").ScrollViewProps' is not assignable to type 'import("/Users/muroiyousuke/Projects/BookKeeping3rd/node_modules/@types/react-native/Libraries/Components/ScrollView/ScrollView").ScrollViewProps'.
          Types of property 'contentContainerStyle' are incompatible.
            Type 'import("/Users/muroiyousuke/Projects/BookKeeping3rd/node_modules/react-native/Libraries/StyleSheet/StyleSheet").StyleProp<import("/Users/muroiyousuke/Projects/BookKeeping3rd/node_modules/react-native/Libraries/StyleSheet/StyleSheetTypes").ViewStyle>' is not assignable to type 'import("/Users/muroiyousuke/Projects/BookKeeping3rd/node_modules/@types/react-native/Libraries/StyleSheet/StyleSheet").StyleProp<import("/Users/muroiyousuke/Projects/BookKeeping3rd/node_modules/@types/react-native/Libraries/StyleSheet/StyleSheetTypes").ViewStyle>'.
              Type '""' is not assignable to type 'StyleProp<ViewStyle>'.
node_modules/@types/react-native/modules/BatchedBridge.d.ts(8,15): error TS2300: Duplicate identifier 'MessageQueue'.
node_modules/@types/react-native/modules/BatchedBridge.d.ts(18,20): error TS2300: Duplicate identifier 'BatchedBridge'.
node_modules/@types/react-native/modules/BatchedBridge.d.ts(22,20): error TS2300: Duplicate identifier 'MessageQueue'.
node_modules/@types/react-native/modules/Codegen.d.ts(1,1): error TS6200: Definitions of the following identifiers conflict with those in another file: codegenNativeCommands, NativeComponentType, codegenNativeComponent, BubblingEventHandler, DirectEventHandler, Double, Float, Int32, UnsafeObject, DefaultTypes, WithDefault
node_modules/@types/react-native/modules/Devtools.d.ts(2,17): error TS2300: Duplicate identifier 'StackFrame'.
node_modules/@types/react-native/modules/globals.d.ts(10,1): error TS6200: Definitions of the following identifiers conflict with those in another file: FormDataValue, FormDataPart, BodyInit_, HeadersInit_, RequestCredentials_, RequestMode_, ResponseType_, WebsocketMessageEventListener, WebsocketErrorEventListener, WebsocketOpenEventListener, WebsocketCloseEventListener, WebsocketEventListener
node_modules/@types/react-native/modules/globals.d.ts(69,13): error TS2403: Subsequent variable declarations must have the same type.  Variable 'Blob' must be of type '{ new (blobParts?: BlobPart[], options?: BlobPropertyBag): Blob; prototype: Blob; }', but here has type '{ new (blobParts?: (string | Blob)[], options?: BlobOptions): Blob; prototype: Blob; }'.
node_modules/@types/react-native/modules/globals.d.ts(90,15): error TS2300: Duplicate identifier 'FormData'.
node_modules/@types/react-native/modules/globals.d.ts(114,13): error TS2403: Subsequent variable declarations must have the same type.  Variable 'Headers' must be of type '{ new (init?: HeadersInit): Headers; prototype: Headers; }', but here has type '{ new (init?: HeadersInit_): Headers; prototype: Headers; }'.
node_modules/@types/react-native/modules/globals.d.ts(126,5): error TS2374: Duplicate index signature for type 'string'.
node_modules/@types/react-native/modules/globals.d.ts(148,5): error TS2717: Subsequent property declarations must have the same type.  Property 'body' must be of type 'BodyInit', but here has type 'BodyInit_'.
node_modules/@types/react-native/modules/globals.d.ts(150,5): error TS2717: Subsequent property declarations must have the same type.  Property 'headers' must be of type 'HeadersInit', but here has type 'HeadersInit_'.
node_modules/@types/react-native/modules/globals.d.ts(156,5): error TS2717: Subsequent property declarations must have the same type.  Property 'window' must be of type 'null', but here has type 'any'.
node_modules/@types/react-native/modules/globals.d.ts(170,13): error TS2403: Subsequent variable declarations must have the same type.  Variable 'Request' must be of type '{ new (input: RequestInfo | URL, init?: RequestInit): Request; prototype: Request; }', but here has type '{ new (input: string | Request, init?: RequestInit): Request; prototype: Request; }'.
node_modules/@types/react-native/modules/globals.d.ts(175,14): error TS2300: Duplicate identifier 'RequestInfo'.
node_modules/@types/react-native/modules/globals.d.ts(178,5): error TS2717: Subsequent property declarations must have the same type.  Property 'headers' must be of type 'HeadersInit', but here has type 'HeadersInit_'.
node_modules/@types/react-native/modules/globals.d.ts(194,13): error TS2403: Subsequent variable declarations must have the same type.  Variable 'Response' must be of type '{ new (body?: BodyInit, init?: ResponseInit): Response; prototype: Response; error(): Response; json(data: any, init?: ResponseInit): Response; redirect(url: string | URL, status?: number): Response; }', but here has type '{ new (body?: BodyInit_, init?: ResponseInit): Response; prototype: Response; error: () => Response; redirect: (url: string, status?: number) => Response; }'.
node_modules/@types/react-native/modules/globals.d.ts(283,5): error TS2717: Subsequent property declarations must have the same type.  Property 'abort' must be of type 'ProgressEvent<XMLHttpRequestEventTarget>', but here has type 'ProgressEvent<EventTarget>'.
node_modules/@types/react-native/modules/globals.d.ts(284,5): error TS2717: Subsequent property declarations must have the same type.  Property 'error' must be of type 'ProgressEvent<XMLHttpRequestEventTarget>', but here has type 'ProgressEvent<EventTarget>'.
node_modules/@types/react-native/modules/globals.d.ts(285,5): error TS2717: Subsequent property declarations must have the same type.  Property 'load' must be of type 'ProgressEvent<XMLHttpRequestEventTarget>', but here has type 'ProgressEvent<EventTarget>'.
node_modules/@types/react-native/modules/globals.d.ts(286,5): error TS2717: Subsequent property declarations must have the same type.  Property 'loadend' must be of type 'ProgressEvent<XMLHttpRequestEventTarget>', but here has type 'ProgressEvent<EventTarget>'.
node_modules/@types/react-native/modules/globals.d.ts(287,5): error TS2717: Subsequent property declarations must have the same type.  Property 'loadstart' must be of type 'ProgressEvent<XMLHttpRequestEventTarget>', but here has type 'ProgressEvent<EventTarget>'.
node_modules/@types/react-native/modules/globals.d.ts(288,5): error TS2717: Subsequent property declarations must have the same type.  Property 'progress' must be of type 'ProgressEvent<XMLHttpRequestEventTarget>', but here has type 'ProgressEvent<EventTarget>'.
node_modules/@types/react-native/modules/globals.d.ts(289,5): error TS2717: Subsequent property declarations must have the same type.  Property 'timeout' must be of type 'ProgressEvent<XMLHttpRequestEventTarget>', but here has type 'ProgressEvent<EventTarget>'.
node_modules/@types/react-native/modules/globals.d.ts(342,14): error TS2300: Duplicate identifier 'XMLHttpRequestResponseType'.
node_modules/@types/react-native/modules/globals.d.ts(355,15): error TS2300: Duplicate identifier 'URL'.
node_modules/@types/react-native/modules/globals.d.ts(380,15): error TS2300: Duplicate identifier 'URLSearchParams'.
node_modules/@types/react-native/modules/globals.d.ts(439,5): error TS2717: Subsequent property declarations must have the same type.  Property 'onopen' must be of type '(this: WebSocket, ev: Event) => any', but here has type '() => void'.
node_modules/@types/react-native/modules/globals.d.ts(440,5): error TS2717: Subsequent property declarations must have the same type.  Property 'onmessage' must be of type '(this: WebSocket, ev: MessageEvent<any>) => any', but here has type '(event: WebSocketMessageEvent) => void'.
node_modules/@types/react-native/modules/globals.d.ts(441,5): error TS2717: Subsequent property declarations must have the same type.  Property 'onerror' must be of type '(this: WebSocket, ev: Event) => any', but here has type '(event: WebSocketErrorEvent) => void'.
node_modules/@types/react-native/modules/globals.d.ts(442,5): error TS2717: Subsequent property declarations must have the same type.  Property 'onclose' must be of type '(this: WebSocket, ev: CloseEvent) => any', but here has type '(event: WebSocketCloseEvent) => void'.
node_modules/@types/react-native/modules/globals.d.ts(443,5): error TS2717: Subsequent property declarations must have the same type.  Property 'addEventListener' must be of type '{ <K extends keyof WebSocketEventMap>(type: K, listener: (this: WebSocket, ev: WebSocketEventMap[K]) => any, options?: boolean | AddEventListenerOptions): void; (type: string, listener: EventListenerOrEventListenerObject, options?: boolean | AddEventListenerOptions): void; }', but here has type 'WebsocketEventListener'.
node_modules/@types/react-native/modules/globals.d.ts(444,5): error TS2717: Subsequent property declarations must have the same type.  Property 'removeEventListener' must be of type '{ <K extends keyof WebSocketEventMap>(type: K, listener: (this: WebSocket, ev: WebSocketEventMap[K]) => any, options?: boolean | EventListenerOptions): void; (type: string, listener: EventListenerOrEventListenerObject, options?: boolean | EventListenerOptions): void; }', but here has type 'WebsocketEventListener'.
node_modules/@types/react-native/modules/globals.d.ts(447,13): error TS2403: Subsequent variable declarations must have the same type.  Variable 'WebSocket' must be of type '{ new (url: string | URL, protocols?: string | string[]): WebSocket; prototype: WebSocket; readonly CONNECTING: 0; readonly OPEN: 1; readonly CLOSING: 2; readonly CLOSED: 3; }', but here has type '{ new (uri: string, protocols?: string | string[], options?: { [optionName: string]: any; headers: { [headerName: string]: string; }; }): WebSocket; prototype: WebSocket; readonly CLOSED: number; readonly CLOSING: number; readonly CONNECTING: number; readonly OPEN: number; }'.
node_modules/@types/react-native/modules/globals.d.ts(471,15): error TS2300: Duplicate identifier 'AbortSignal'.
node_modules/@types/react-native/modules/globals.d.ts(471,15): error TS2420: Class 'AbortSignal' incorrectly implements interface 'EventTarget'.
  Property 'dispatchEvent' is missing in type 'AbortSignal' but required in type 'EventTarget'.
node_modules/@types/react-native/modules/globals.d.ts(506,15): error TS2300: Duplicate identifier 'AbortController'.
node_modules/@types/react-native/modules/globals.d.ts(531,14): error TS2717: Subsequent property declarations must have the same type.  Property 'error' must be of type 'DOMException', but here has type 'Error'.
node_modules/@types/react-native/modules/globals.d.ts(540,14): error TS2717: Subsequent property declarations must have the same type.  Property 'readyState' must be of type '0 | 2 | 1', but here has type 'number'.
node_modules/@types/react-native/modules/LaunchScreen.d.ts(4,18): error TS2451: Cannot redeclare block-scoped variable 'Header'.
node_modules/@types/react-native/modules/LaunchScreen.d.ts(5,18): error TS2451: Cannot redeclare block-scoped variable 'LearnMoreLinks'.
node_modules/@types/react-native/modules/LaunchScreen.d.ts(6,18): error TS2451: Cannot redeclare block-scoped variable 'Colors'.
node_modules/@types/react-native/modules/LaunchScreen.d.ts(7,18): error TS2451: Cannot redeclare block-scoped variable 'DebugInstructions'.
node_modules/@types/react-native/modules/LaunchScreen.d.ts(8,18): error TS2451: Cannot redeclare block-scoped variable 'ReloadInstructions'.
node_modules/@types/react/global.d.ts(155,11): error TS2300: Duplicate identifier 'FormData'.
node_modules/expo-modules-core/build/NativeViewManagerAdapter.d.ts(1,8): error TS1259: Module '"/Users/muroiyousuke/Projects/BookKeeping3rd/node_modules/@types/react/index"' can only be default-imported using the 'esModuleInterop' flag
node_modules/expo-modules-core/build/Refs.d.ts(1,8): error TS1259: Module '"/Users/muroiyousuke/Projects/BookKeeping3rd/node_modules/@types/react/index"' can only be default-imported using the 'esModuleInterop' flag
node_modules/expo-router/build/ExpoRoot.d.ts(1,8): error TS1259: Module '"/Users/muroiyousuke/Projects/BookKeeping3rd/node_modules/@types/react/index"' can only be default-imported using the 'esModuleInterop' flag
node_modules/expo-router/build/layouts/TabsClient.d.ts(3,8): error TS1259: Module '"/Users/muroiyousuke/Projects/BookKeeping3rd/node_modules/@types/react/index"' can only be default-imported using the 'esModuleInterop' flag
node_modules/expo-router/build/layouts/TabsClient.d.ts(18,210): error TS2344: Type 'unknown' does not satisfy the constraint 'boolean'.
node_modules/expo-router/build/layouts/TabsClient.d.ts(19,216): error TS2344: Type 'unknown' does not satisfy the constraint 'boolean'.
node_modules/expo-router/build/layouts/TabsClient.d.ts(20,212): error TS2344: Type 'unknown' does not satisfy the constraint 'boolean'.
node_modules/expo-router/build/layouts/TabsClient.d.ts(21,196): error TS2344: Type 'unknown' does not satisfy the constraint 'boolean'.
node_modules/expo-router/build/layouts/TabsClient.d.ts(22,194): error TS2344: Type 'unknown' does not satisfy the constraint 'boolean'.
node_modules/expo-router/build/layouts/TabsClient.d.ts(23,196): error TS2344: Type 'unknown' does not satisfy the constraint 'boolean'.
node_modules/expo-router/build/layouts/TabsClient.d.ts(30,210): error TS2344: Type 'unknown' does not satisfy the constraint 'boolean'.
node_modules/expo-router/build/layouts/TabsClient.d.ts(31,216): error TS2344: Type 'unknown' does not satisfy the constraint 'boolean'.
node_modules/expo-router/build/layouts/TabsClient.d.ts(32,212): error TS2344: Type 'unknown' does not satisfy the constraint 'boolean'.
node_modules/expo-router/build/layouts/TabsClient.d.ts(33,196): error TS2344: Type 'unknown' does not satisfy the constraint 'boolean'.
node_modules/expo-router/build/layouts/TabsClient.d.ts(34,194): error TS2344: Type 'unknown' does not satisfy the constraint 'boolean'.
node_modules/expo-router/build/layouts/TabsClient.d.ts(35,196): error TS2344: Type 'unknown' does not satisfy the constraint 'boolean'.
node_modules/expo-router/build/layouts/TabsClient.d.ts(78,210): error TS2344: Type 'unknown' does not satisfy the constraint 'boolean'.
node_modules/expo-router/build/layouts/TabsClient.d.ts(79,216): error TS2344: Type 'unknown' does not satisfy the constraint 'boolean'.
node_modules/expo-router/build/layouts/TabsClient.d.ts(80,212): error TS2344: Type 'unknown' does not satisfy the constraint 'boolean'.
node_modules/expo-router/build/layouts/TabsClient.d.ts(81,196): error TS2344: Type 'unknown' does not satisfy the constraint 'boolean'.
node_modules/expo-router/build/layouts/TabsClient.d.ts(82,194): error TS2344: Type 'unknown' does not satisfy the constraint 'boolean'.
node_modules/expo-router/build/layouts/TabsClient.d.ts(83,196): error TS2344: Type 'unknown' does not satisfy the constraint 'boolean'.
node_modules/expo-router/build/layouts/TabsClient.d.ts(90,210): error TS2344: Type 'unknown' does not satisfy the constraint 'boolean'.
node_modules/expo-router/build/layouts/TabsClient.d.ts(91,216): error TS2344: Type 'unknown' does not satisfy the constraint 'boolean'.
node_modules/expo-router/build/layouts/TabsClient.d.ts(92,212): error TS2344: Type 'unknown' does not satisfy the constraint 'boolean'.
node_modules/expo-router/build/layouts/TabsClient.d.ts(93,196): error TS2344: Type 'unknown' does not satisfy the constraint 'boolean'.
node_modules/expo-router/build/layouts/TabsClient.d.ts(94,194): error TS2344: Type 'unknown' does not satisfy the constraint 'boolean'.
node_modules/expo-router/build/layouts/TabsClient.d.ts(95,196): error TS2344: Type 'unknown' does not satisfy the constraint 'boolean'.
node_modules/expo-router/build/layouts/withLayoutContext.d.ts(2,8): error TS1259: Module '"/Users/muroiyousuke/Projects/BookKeeping3rd/node_modules/@types/react/index"' can only be default-imported using the 'esModuleInterop' flag
node_modules/expo-router/build/Route.d.ts(1,8): error TS1259: Module '"/Users/muroiyousuke/Projects/BookKeeping3rd/node_modules/@types/react/index"' can only be default-imported using the 'esModuleInterop' flag
node_modules/expo-router/build/useScreens.d.ts(2,8): error TS1259: Module '"/Users/muroiyousuke/Projects/BookKeeping3rd/node_modules/@types/react/index"' can only be default-imported using the 'esModuleInterop' flag
node_modules/expo-router/build/views/Try.d.ts(1,8): error TS1259: Module '"/Users/muroiyousuke/Projects/BookKeeping3rd/node_modules/@types/react/index"' can only be default-imported using the 'esModuleInterop' flag
node_modules/expo-router/build/views/Unmatched.d.ts(1,8): error TS1259: Module '"/Users/muroiyousuke/Projects/BookKeeping3rd/node_modules/@types/react/index"' can only be default-imported using the 'esModuleInterop' flag
node_modules/expo-sqlite/build/hooks.d.ts(1,8): error TS1259: Module '"/Users/muroiyousuke/Projects/BookKeeping3rd/node_modules/@types/react/index"' can only be default-imported using the 'esModuleInterop' flag
node_modules/react-native-screens/lib/typescript/components/BottomTabs.d.ts(1,8): error TS1259: Module '"/Users/muroiyousuke/Projects/BookKeeping3rd/node_modules/@types/react/index"' can only be default-imported using the 'esModuleInterop' flag
node_modules/react-native-screens/lib/typescript/components/BottomTabsScreen.d.ts(1,8): error TS1259: Module '"/Users/muroiyousuke/Projects/BookKeeping3rd/node_modules/@types/react/index"' can only be default-imported using the 'esModuleInterop' flag
node_modules/react-native-screens/lib/typescript/components/FullWindowOverlay.d.ts(1,8): error TS1259: Module '"/Users/muroiyousuke/Projects/BookKeeping3rd/node_modules/@types/react/index"' can only be default-imported using the 'esModuleInterop' flag
node_modules/react-native-screens/lib/typescript/components/gamma/ScreenStackHost.d.ts(1,8): error TS1259: Module '"/Users/muroiyousuke/Projects/BookKeeping3rd/node_modules/@types/react/index"' can only be default-imported using the 'esModuleInterop' flag
node_modules/react-native-screens/lib/typescript/components/gamma/SplitViewHost.d.ts(1,8): error TS1259: Module '"/Users/muroiyousuke/Projects/BookKeeping3rd/node_modules/@types/react/index"' can only be default-imported using the 'esModuleInterop' flag
node_modules/react-native-screens/lib/typescript/components/gamma/SplitViewScreen.d.ts(1,8): error TS1259: Module '"/Users/muroiyousuke/Projects/BookKeeping3rd/node_modules/@types/react/index"' can only be default-imported using the 'esModuleInterop' flag
node_modules/react-native-screens/lib/typescript/components/gamma/StackScreen.d.ts(1,8): error TS1259: Module '"/Users/muroiyousuke/Projects/BookKeeping3rd/node_modules/@types/react/index"' can only be default-imported using the 'esModuleInterop' flag
node_modules/react-native-screens/lib/typescript/components/Screen.d.ts(1,8): error TS1259: Module '"/Users/muroiyousuke/Projects/BookKeeping3rd/node_modules/@types/react/index"' can only be default-imported using the 'esModuleInterop' flag
node_modules/react-native-screens/lib/typescript/components/ScreenContainer.d.ts(1,8): error TS1259: Module '"/Users/muroiyousuke/Projects/BookKeeping3rd/node_modules/@types/react/index"' can only be default-imported using the 'esModuleInterop' flag
node_modules/react-native-screens/lib/typescript/components/ScreenContentWrapper.d.ts(1,8): error TS1259: Module '"/Users/muroiyousuke/Projects/BookKeeping3rd/node_modules/@types/react/index"' can only be default-imported using the 'esModuleInterop' flag
node_modules/react-native-screens/lib/typescript/components/ScreenFooter.d.ts(1,8): error TS1259: Module '"/Users/muroiyousuke/Projects/BookKeeping3rd/node_modules/@types/react/index"' can only be default-imported using the 'esModuleInterop' flag
node_modules/react-native-screens/lib/typescript/components/ScreenStack.d.ts(1,8): error TS1259: Module '"/Users/muroiyousuke/Projects/BookKeeping3rd/node_modules/@types/react/index"' can only be default-imported using the 'esModuleInterop' flag
node_modules/react-native-screens/lib/typescript/components/ScreenStackHeaderConfig.d.ts(1,8): error TS1259: Module '"/Users/muroiyousuke/Projects/BookKeeping3rd/node_modules/@types/react/index"' can only be default-imported using the 'esModuleInterop' flag
node_modules/react-native-screens/lib/typescript/components/SearchBar.d.ts(1,8): error TS1259: Module '"/Users/muroiyousuke/Projects/BookKeeping3rd/node_modules/@types/react/index"' can only be default-imported using the 'esModuleInterop' flag
node_modules/react-native-screens/lib/typescript/fabric/BottomTabsScreenNativeComponent.d.ts(4,15): error TS2724: '"react-native/Libraries/Image/ImageSource"' has no exported member named 'ImageSource'. Did you mean 'ImageURISource'?
node_modules/react-native-screens/lib/typescript/native-stack/types.d.ts(72,155): error TS2344: Type 'StackNavigationState<ParamList>' does not satisfy the constraint 'string'.
node_modules/react-native-screens/lib/typescript/native-stack/types.d.ts(537,41): error TS2314: Generic type 'DefaultNavigatorOptions' requires 6 type argument(s).
node_modules/react-native-screens/lib/typescript/native-stack/types.d.ts(541,37): error TS2314: Generic type 'Descriptor' requires 3 type argument(s).
node_modules/react-native-screens/lib/typescript/types.d.ts(1,8): error TS1259: Module '"/Users/muroiyousuke/Projects/BookKeeping3rd/node_modules/@types/react/index"' can only be default-imported using the 'esModuleInterop' flag
node_modules/react-native/types/index.d.ts(202,9): error TS2451: Cannot redeclare block-scoped variable 'originalXMLHttpRequest'.
node_modules/react-native/types/index.d.ts(204,9): error TS2451: Cannot redeclare block-scoped variable '__BUNDLE_START_TIME__'.
node_modules/react-native/types/index.d.ts(205,9): error TS2451: Cannot redeclare block-scoped variable 'ErrorUtils'.
node_modules/react-native/types/index.d.ts(212,9): error TS2451: Cannot redeclare block-scoped variable '__DEV__'.
node_modules/react-native/types/index.d.ts(214,9): error TS2451: Cannot redeclare block-scoped variable 'HermesInternal'.
node_modules/react-native/types/modules/BatchedBridge.d.ts(17,15): error TS2300: Duplicate identifier 'MessageQueue'.
node_modules/react-native/types/modules/BatchedBridge.d.ts(27,18): error TS2300: Duplicate identifier 'BatchedBridge'.
node_modules/react-native/types/modules/BatchedBridge.d.ts(31,18): error TS2300: Duplicate identifier 'MessageQueue'.
node_modules/react-native/types/modules/Codegen.d.ts(10,1): error TS6200: Definitions of the following identifiers conflict with those in another file: codegenNativeCommands, NativeComponentType, codegenNativeComponent, BubblingEventHandler, DirectEventHandler, Double, Float, Int32, UnsafeObject, DefaultTypes, WithDefault
node_modules/react-native/types/modules/Devtools.d.ts(11,15): error TS2300: Duplicate identifier 'StackFrame'.
node_modules/react-native/types/modules/globals.d.ts(19,1): error TS6200: Definitions of the following identifiers conflict with those in another file: FormDataValue, FormDataPart, BodyInit_, HeadersInit_, RequestCredentials_, RequestMode_, ResponseType_, WebsocketMessageEventListener, WebsocketErrorEventListener, WebsocketOpenEventListener, WebsocketCloseEventListener, WebsocketEventListener
node_modules/react-native/types/modules/globals.d.ts(78,13): error TS2403: Subsequent variable declarations must have the same type.  Variable 'Blob' must be of type '{ new (blobParts?: BlobPart[], options?: BlobPropertyBag): Blob; prototype: Blob; }', but here has type '{ new (blobParts?: (string | Blob)[], options?: BlobOptions): Blob; prototype: Blob; }'.
node_modules/react-native/types/modules/globals.d.ts(84,3): error TS2687: All declarations of 'name' must have identical modifiers.
node_modules/react-native/types/modules/globals.d.ts(85,3): error TS2687: All declarations of 'lastModified' must have identical modifiers.
node_modules/react-native/types/modules/globals.d.ts(88,13): error TS2403: Subsequent variable declarations must have the same type.  Variable 'File' must be of type '{ new (fileBits: BlobPart[], fileName: string, options?: FilePropertyBag): File; prototype: File; }', but here has type '{ new (fileParts?: (string | Blob)[], name?: string, options?: BlobOptions): File; prototype: File; }'.
node_modules/react-native/types/modules/globals.d.ts(113,15): error TS2300: Duplicate identifier 'FormData'.
node_modules/react-native/types/modules/globals.d.ts(141,13): error TS2403: Subsequent variable declarations must have the same type.  Variable 'Headers' must be of type '{ new (init?: HeadersInit): Headers; prototype: Headers; }', but here has type '{ new (init?: HeadersInit_): Headers; prototype: Headers; }'.
node_modules/react-native/types/modules/globals.d.ts(153,3): error TS2374: Duplicate index signature for type 'string'.
node_modules/react-native/types/modules/globals.d.ts(175,3): error TS2717: Subsequent property declarations must have the same type.  Property 'body' must be of type 'BodyInit', but here has type 'BodyInit_'.
node_modules/react-native/types/modules/globals.d.ts(177,3): error TS2717: Subsequent property declarations must have the same type.  Property 'headers' must be of type 'HeadersInit', but here has type 'HeadersInit_'.
node_modules/react-native/types/modules/globals.d.ts(183,3): error TS2717: Subsequent property declarations must have the same type.  Property 'window' must be of type 'null', but here has type 'any'.
node_modules/react-native/types/modules/globals.d.ts(198,13): error TS2403: Subsequent variable declarations must have the same type.  Variable 'Request' must be of type '{ new (input: RequestInfo | URL, init?: RequestInit): Request; prototype: Request; }', but here has type '{ new (input: string | Request, init?: RequestInit): Request; prototype: Request; }'.
node_modules/react-native/types/modules/globals.d.ts(203,14): error TS2300: Duplicate identifier 'RequestInfo'.
node_modules/react-native/types/modules/globals.d.ts(206,3): error TS2717: Subsequent property declarations must have the same type.  Property 'headers' must be of type 'HeadersInit', but here has type 'HeadersInit_'.
node_modules/react-native/types/modules/globals.d.ts(222,13): error TS2403: Subsequent variable declarations must have the same type.  Variable 'Response' must be of type '{ new (body?: BodyInit, init?: ResponseInit): Response; prototype: Response; error(): Response; json(data: any, init?: ResponseInit): Response; redirect(url: string | URL, status?: number): Response; }', but here has type '{ new (body?: BodyInit_, init?: ResponseInit): Response; prototype: Response; error: () => Response; redirect: (url: string, status?: number) => Response; }'.
node_modules/react-native/types/modules/globals.d.ts(312,3): error TS2717: Subsequent property declarations must have the same type.  Property 'abort' must be of type 'ProgressEvent<XMLHttpRequestEventTarget>', but here has type 'ProgressEvent<EventTarget>'.
node_modules/react-native/types/modules/globals.d.ts(313,3): error TS2717: Subsequent property declarations must have the same type.  Property 'error' must be of type 'ProgressEvent<XMLHttpRequestEventTarget>', but here has type 'ProgressEvent<EventTarget>'.
node_modules/react-native/types/modules/globals.d.ts(314,3): error TS2717: Subsequent property declarations must have the same type.  Property 'load' must be of type 'ProgressEvent<XMLHttpRequestEventTarget>', but here has type 'ProgressEvent<EventTarget>'.
node_modules/react-native/types/modules/globals.d.ts(315,3): error TS2717: Subsequent property declarations must have the same type.  Property 'loadend' must be of type 'ProgressEvent<XMLHttpRequestEventTarget>', but here has type 'ProgressEvent<EventTarget>'.
node_modules/react-native/types/modules/globals.d.ts(316,3): error TS2717: Subsequent property declarations must have the same type.  Property 'loadstart' must be of type 'ProgressEvent<XMLHttpRequestEventTarget>', but here has type 'ProgressEvent<EventTarget>'.
node_modules/react-native/types/modules/globals.d.ts(317,3): error TS2717: Subsequent property declarations must have the same type.  Property 'progress' must be of type 'ProgressEvent<XMLHttpRequestEventTarget>', but here has type 'ProgressEvent<EventTarget>'.
node_modules/react-native/types/modules/globals.d.ts(318,3): error TS2717: Subsequent property declarations must have the same type.  Property 'timeout' must be of type 'ProgressEvent<XMLHttpRequestEventTarget>', but here has type 'ProgressEvent<EventTarget>'.
node_modules/react-native/types/modules/globals.d.ts(371,14): error TS2300: Duplicate identifier 'XMLHttpRequestResponseType'.
node_modules/react-native/types/modules/globals.d.ts(384,15): error TS2300: Duplicate identifier 'URL'.
node_modules/react-native/types/modules/globals.d.ts(409,15): error TS2300: Duplicate identifier 'URLSearchParams'.
node_modules/react-native/types/modules/globals.d.ts(468,3): error TS2717: Subsequent property declarations must have the same type.  Property 'onopen' must be of type '(this: WebSocket, ev: Event) => any', but here has type '() => void'.
node_modules/react-native/types/modules/globals.d.ts(469,3): error TS2717: Subsequent property declarations must have the same type.  Property 'onmessage' must be of type '(this: WebSocket, ev: MessageEvent<any>) => any', but here has type '(event: WebSocketMessageEvent) => void'.
node_modules/react-native/types/modules/globals.d.ts(470,3): error TS2717: Subsequent property declarations must have the same type.  Property 'onerror' must be of type '(this: WebSocket, ev: Event) => any', but here has type '(event: WebSocketErrorEvent) => void'.
node_modules/react-native/types/modules/globals.d.ts(471,3): error TS2717: Subsequent property declarations must have the same type.  Property 'onclose' must be of type '(this: WebSocket, ev: CloseEvent) => any', but here has type '(event: WebSocketCloseEvent) => void'.
node_modules/react-native/types/modules/globals.d.ts(472,3): error TS2717: Subsequent property declarations must have the same type.  Property 'addEventListener' must be of type '{ <K extends keyof WebSocketEventMap>(type: K, listener: (this: WebSocket, ev: WebSocketEventMap[K]) => any, options?: boolean | AddEventListenerOptions): void; (type: string, listener: EventListenerOrEventListenerObject, options?: boolean | AddEventListenerOptions): void; }', but here has type 'WebsocketEventListener'.
node_modules/react-native/types/modules/globals.d.ts(473,3): error TS2717: Subsequent property declarations must have the same type.  Property 'removeEventListener' must be of type '{ <K extends keyof WebSocketEventMap>(type: K, listener: (this: WebSocket, ev: WebSocketEventMap[K]) => any, options?: boolean | EventListenerOptions): void; (type: string, listener: EventListenerOrEventListenerObject, options?: boolean | EventListenerOptions): void; }', but here has type 'WebsocketEventListener'.
node_modules/react-native/types/modules/globals.d.ts(476,13): error TS2403: Subsequent variable declarations must have the same type.  Variable 'WebSocket' must be of type '{ new (url: string | URL, protocols?: string | string[]): WebSocket; prototype: WebSocket; readonly CONNECTING: 0; readonly OPEN: 1; readonly CLOSING: 2; readonly CLOSED: 3; }', but here has type '{ new (uri: string, protocols?: string | string[], options?: { [optionName: string]: any; headers: { [headerName: string]: string; }; }): WebSocket; prototype: WebSocket; readonly CLOSED: number; readonly CLOSING: number; readonly CONNECTING: number; readonly OPEN: number; }'.
node_modules/react-native/types/modules/globals.d.ts(500,15): error TS2300: Duplicate identifier 'AbortSignal'.
node_modules/react-native/types/modules/globals.d.ts(500,15): error TS2420: Class 'AbortSignal' incorrectly implements interface 'EventTarget'.
  Property 'dispatchEvent' is missing in type 'AbortSignal' but required in type 'EventTarget'.
node_modules/react-native/types/modules/globals.d.ts(535,15): error TS2300: Duplicate identifier 'AbortController'.
node_modules/react-native/types/modules/globals.d.ts(560,12): error TS2717: Subsequent property declarations must have the same type.  Property 'error' must be of type 'DOMException', but here has type 'Error'.
node_modules/react-native/types/modules/globals.d.ts(569,12): error TS2717: Subsequent property declarations must have the same type.  Property 'readyState' must be of type '0 | 2 | 1', but here has type 'number'.
node_modules/react-native/types/modules/LaunchScreen.d.ts(13,16): error TS2451: Cannot redeclare block-scoped variable 'Header'.
node_modules/react-native/types/modules/LaunchScreen.d.ts(14,16): error TS2451: Cannot redeclare block-scoped variable 'LearnMoreLinks'.
node_modules/react-native/types/modules/LaunchScreen.d.ts(15,16): error TS2451: Cannot redeclare block-scoped variable 'Colors'.
node_modules/react-native/types/modules/LaunchScreen.d.ts(16,16): error TS2451: Cannot redeclare block-scoped variable 'DebugInstructions'.
node_modules/react-native/types/modules/LaunchScreen.d.ts(17,16): error TS2451: Cannot redeclare block-scoped variable 'ReloadInstructions'.
node_modules/typescript/lib/lib.dom.d.ts(2717,11): error TS2300: Duplicate identifier 'AbortController'.
node_modules/typescript/lib/lib.dom.d.ts(2732,13): error TS2300: Duplicate identifier 'AbortController'.
node_modules/typescript/lib/lib.dom.d.ts(2746,11): error TS2300: Duplicate identifier 'AbortSignal'.
node_modules/typescript/lib/lib.dom.d.ts(2773,13): error TS2300: Duplicate identifier 'AbortSignal'.
node_modules/typescript/lib/lib.dom.d.ts(11614,14): error TS2687: All declarations of 'lastModified' must have identical modifiers.
node_modules/typescript/lib/lib.dom.d.ts(11620,14): error TS2687: All declarations of 'name' must have identical modifiers.
node_modules/typescript/lib/lib.dom.d.ts(12219,11): error TS2300: Duplicate identifier 'FormData'.
node_modules/typescript/lib/lib.dom.d.ts(12263,13): error TS2300: Duplicate identifier 'FormData'.
node_modules/typescript/lib/lib.dom.d.ts(32640,11): error TS2300: Duplicate identifier 'URL'.
node_modules/typescript/lib/lib.dom.d.ts(32722,13): error TS2300: Duplicate identifier 'URL'.
node_modules/typescript/lib/lib.dom.d.ts(32759,11): error TS2300: Duplicate identifier 'URLSearchParams'.
node_modules/typescript/lib/lib.dom.d.ts(32812,13): error TS2300: Duplicate identifier 'URLSearchParams'.
node_modules/typescript/lib/lib.dom.d.ts(39228,6): error TS2300: Duplicate identifier 'RequestInfo'.
node_modules/typescript/lib/lib.dom.d.ts(39429,6): error TS2300: Duplicate identifier 'XMLHttpRequestResponseType'.
src/data/database-optimized.ts(80,24): error TS2551: Property 'openDatabase' does not exist on type 'typeof import("/Users/muroiyousuke/Projects/BookKeeping3rd/node_modules/expo-sqlite/build/index")'. Did you mean 'openDatabaseSync'?
src/data/database-optimized.ts(213,15): error TS2339: Property 'transaction' does not exist on type 'SQLiteDatabase'.
src/data/database-optimized.ts(278,15): error TS2339: Property 'transaction' does not exist on type 'SQLiteDatabase'.
src/data/database.ts(64,24): error TS2551: Property 'openDatabase' does not exist on type 'typeof import("/Users/muroiyousuke/Projects/BookKeeping3rd/node_modules/expo-sqlite/build/index")'. Did you mean 'openDatabaseSync'?
src/data/database.ts(112,15): error TS2339: Property 'transaction' does not exist on type 'SQLiteDatabase'.
src/data/database.ts(162,29): error TS2694: Namespace '"/Users/muroiyousuke/Projects/BookKeeping3rd/node_modules/expo-sqlite/build/index"' has no exported member 'SQLiteTransaction'.
src/data/database.ts(176,15): error TS2339: Property 'transaction' does not exist on type 'SQLiteDatabase'.
src/data/database.ts(265,18): error TS2339: Property 'close' does not exist on type 'SQLiteDatabase'.
src/data/repositories/learning-history-repository.ts(7,27): error TS2459: Module '"../../types/models"' declares 'QuestionCategory' locally, but it is not exported.
src/data/repositories/learning-history-repository.ts(7,45): error TS2459: Module '"../../types/models"' declares 'SessionType' locally, but it is not exported.
src/data/repositories/learning-history-repository.ts(134,21): error TS2345: Argument of type 'number' is not assignable to parameter of type 'string'.
src/data/repositories/question-repository.ts(7,20): error TS2459: Module '"../../types/models"' declares 'QuestionCategory' locally, but it is not exported.
src/data/repositories/question-repository.ts(7,38): error TS2459: Module '"../../types/models"' declares 'QuestionDifficulty' locally, but it is not exported.
src/data/repositories/review-item-repository.ts(8,22): error TS2459: Module '"../../types/models"' declares 'QuestionCategory' locally, but it is not exported.
src/data/repositories/review-item-repository.ts(145,33): error TS2339: Property 'findOne' does not exist on type 'ReviewItemRepository'.
src/data/repositories/review-item-repository.ts(184,33): error TS2339: Property 'updateWhere' does not exist on type 'ReviewItemRepository'.
src/services/review-service.ts(10,20): error TS2459: Module '"../types/models"' declares 'QuestionCategory' locally, but it is not exported.
src/services/statistics-service.ts(11,10): error TS2459: Module '"../types/models"' declares 'QuestionCategory' locally, but it is not exported.
src/services/statistics-service.ts(430,45): error TS2445: Property 'executeQuery' is protected and only accessible within class 'BaseRepository<T>' and its subclasses.
src/services/statistics-service.ts(441,45): error TS2445: Property 'executeQuery' is protected and only accessible within class 'BaseRepository<T>' and its subclasses.
src/services/statistics-service.ts(455,52): error TS2445: Property 'executeQuery' is protected and only accessible within class 'BaseRepository<T>' and its subclasses.
src/services/statistics-service.ts(466,52): error TS2445: Property 'executeQuery' is protected and only accessible within class 'BaseRepository<T>' and its subclasses.
src/services/statistics-service.ts(518,52): error TS2445: Property 'executeQuery' is protected and only accessible within class 'BaseRepository<T>' and its subclasses.
src/services/statistics-service.ts(534,52): error TS2445: Property 'executeQuery' is protected and only accessible within class 'BaseRepository<T>' and its subclasses.
src/services/statistics-service.ts(569,52): error TS2445: Property 'executeQuery' is protected and only accessible within class 'BaseRepository<T>' and its subclasses.
src/services/statistics-service.ts(590,54): error TS2445: Property 'executeQuery' is protected and only accessible within class 'BaseRepository<T>' and its subclasses.
src/services/statistics-service.ts(692,52): error TS2445: Property 'executeQuery' is protected and only accessible within class 'BaseRepository<T>' and its subclasses.
src/services/statistics-service.ts(707,52): error TS2445: Property 'executeQuery' is protected and only accessible within class 'BaseRepository<T>' and its subclasses.
TypeScript exit code: 1
=== Starting Web Server for Smoke Test ===
=== Web Server Status Check ===
muroiyousuke     40262   0.1  0.1 432737168  11856 s013  S+    9:05PM   0:28.70 node /Users/muroiyousuke/Projects/BookKeeping3rd/node_modules/.bin/expo start --clear
muroiyousuke     40232   0.0  0.0 411187360   2272 s013  S+    9:05PM   0:00.32 npm exec expo start --clear    
=== Checking localhost:8081 availability ===
  % Total    % Received % Xferd  Average Speed   Time    Time     Time  Current
                                 Dload  Upload   Total   Spent    Left  Speed
  0     0    0     0    0     0      0      0 --:--:-- --:--:-- --:--:--     0  0     0    0     0    0     0      0      0 --:--:-- --:--:-- --:--:--     0  0     0    0     0    0     0      0      0 --:--:-- --:--:-- --:--:--     0
HTTP/1.1 200 OK
Content-Type: text/html
Date: Sat, 02 Aug 2025 15:20:18 GMT
Connection: keep-alive
Keep-Alive: timeout=5

=== Expo Web Server Logs ===
Starting project at /Users/muroiyousuke/Projects/BookKeeping3rd
 Port 8081 is running this app in another window
  /Users/muroiyousuke/Projects/BookKeeping3rd (pid 40262)
Input is required, but 'npx expo' is in non-interactive mode.
Required input:
> Use port 8082 instead?
 Skipping dev server
=== Critical Issues Fix Start - Sun Aug  3 00:23:41 JST 2025 ===
